<?xml version="1.0" encoding="UTF-8"?>
<robot generator="Robot 7.0 (Python 3.8.2 on win32)" generated="2025-02-14T11:46:29.272574" rpa="false" schemaversion="5">
<suite id="s1" name="Hello" source="e:\git\github-aulas\OP63K-2-2024\robot-bdd\robot-testes\hello.robot">
<test id="s1-t1" name="CenÃ¡rio 1: Acessando o site da QAZANDO" line="12">
<kw name="Abrir Site">
<kw name="Open Browser" owner="SeleniumLibrary">
<msg time="2025-02-14T11:46:29.767574" level="INFO">Opening browser 'chrome' to base url 'https://localhost:8080'.</msg>
<msg time="2025-02-14T11:46:33.757270" level="INFO">Cannot capture screenshot because no browser is open.</msg>
<msg time="2025-02-14T11:46:33.758270" level="FAIL">SessionNotCreatedException: Message: session not created: This version of ChromeDriver only supports Chrome version 133
Current browser version is 132.0.6834.160 with binary path C:\Program Files (x86)\Google\Chrome\Application\chrome.exe
Stacktrace:
	GetHandleVerifier [0x00007FF708682EC5+28789]
	(No symbol) [0x00007FF7085EF870]
	(No symbol) [0x00007FF708488F9A]
	(No symbol) [0x00007FF7084CCDDB]
	(No symbol) [0x00007FF7084CBE1B]
	(No symbol) [0x00007FF7084C62C6]
	(No symbol) [0x00007FF7084C1556]
	(No symbol) [0x00007FF70851544B]
	(No symbol) [0x00007FF708514A20]
	(No symbol) [0x00007FF708506FF3]
	(No symbol) [0x00007FF7084CFF0E]
	(No symbol) [0x00007FF7084D1193]
	GetHandleVerifier [0x00007FF7089CD5FD+3479469]
	GetHandleVerifier [0x00007FF7089E71A3+3584851]
	GetHandleVerifier [0x00007FF7089DC44D+3540477]
	GetHandleVerifier [0x00007FF708748B6A+838938]
	(No symbol) [0x00007FF7085FA4EF]
	(No symbol) [0x00007FF7085F6954]
	(No symbol) [0x00007FF7085F6AF6]
	(No symbol) [0x00007FF7085E6499]
	BaseThreadInitThunk [0x00007FFB16247374+20]
	RtlUserThreadStart [0x00007FFB172DCC91+33]
</msg>
<arg>https://localhost:8080</arg>
<arg>chrome</arg>
<doc>Opens a new browser instance to the optional ``url``.</doc>
<status status="FAIL" start="2025-02-14T11:46:29.766575" elapsed="3.996695">SessionNotCreatedException: Message: session not created: This version of ChromeDriver only supports Chrome version 133
Current browser version is 132.0.6834.160 with binary path C:\Program Files (x86)\Google\Chrome\Application\chrome.exe
Stacktrace:
	GetHandleVerifier [0x00007FF708682EC5+28789]
	(No symbol) [0x00007FF7085EF870]
	(No symbol) [0x00007FF708488F9A]
	(No symbol) [0x00007FF7084CCDDB]
	(No symbol) [0x00007FF7084CBE1B]
	(No symbol) [0x00007FF7084C62C6]
	(No symbol) [0x00007FF7084C1556]
	(No symbol) [0x00007FF70851544B]
	(No symbol) [0x00007FF708514A20]
	(No symbol) [0x00007FF708506FF3]
	(No symbol) [0x00007FF7084CFF0E]
	(No symbol) [0x00007FF7084D1193]
	GetHandleVerifier [0x00007FF7089CD5FD+3479469]
	GetHandleVerifier [0x00007FF7089E71A3+3584851]
	GetHandleVerifier [0x00007FF7089DC44D+3540477]
	GetHandleVerifier [0x00007FF708748B6A+838938]
	(No symbol) [0x00007FF7085FA4EF]
	(No symbol) [0x00007FF7085F6954]
	(No symbol) [0x00007FF7085F6AF6]
	(No symbol) [0x00007FF7085E6499]
	BaseThreadInitThunk [0x00007FFB16247374+20]
	RtlUserThreadStart [0x00007FFB172DCC91+33]
</status>
</kw>
<status status="FAIL" start="2025-02-14T11:46:29.763576" elapsed="3.999694">SessionNotCreatedException: Message: session not created: This version of ChromeDriver only supports Chrome version 133
Current browser version is 132.0.6834.160 with binary path C:\Program Files (x86)\Google\Chrome\Application\chrome.exe
Stacktrace:
	GetHandleVerifier [0x00007FF708682EC5+28789]
	(No symbol) [0x00007FF7085EF870]
	(No symbol) [0x00007FF708488F9A]
	(No symbol) [0x00007FF7084CCDDB]
	(No symbol) [0x00007FF7084CBE1B]
	(No symbol) [0x00007FF7084C62C6]
	(No symbol) [0x00007FF7084C1556]
	(No symbol) [0x00007FF70851544B]
	(No symbol) [0x00007FF708514A20]
	(No symbol) [0x00007FF708506FF3]
	(No symbol) [0x00007FF7084CFF0E]
	(No symbol) [0x00007FF7084D1193]
	GetHandleVerifier [0x00007FF7089CD5FD+3479469]
	GetHandleVerifier [0x00007FF7089E71A3+3584851]
	GetHandleVerifier [0x00007FF7089DC44D+3540477]
	GetHandleVerifier [0x00007FF708748B6A+838938]
	(No symbol) [0x00007FF7085FA4EF]
	(No symbol) [0x00007FF7085F6954]
	(No symbol) [0x00007FF7085F6AF6]
	(No symbol) [0x00007FF7085E6499]
	BaseThreadInitThunk [0x00007FFB16247374+20]
	RtlUserThreadStart [0x00007FFB172DCC91+33]
</status>
</kw>
<status status="FAIL" start="2025-02-14T11:46:29.762578" elapsed="4.012692">SessionNotCreatedException: Message: session not created: This version of ChromeDriver only supports Chrome version 133
Current browser version is 132.0.6834.160 with binary path C:\Program Files (x86)\Google\Chrome\Application\chrome.exe
Stacktrace:
	GetHandleVerifier [0x00007FF708682EC5+28789]
	(No symbol) [0x00007FF7085EF870]
	(No symbol) [0x00007FF708488F9A]
	(No symbol) [0x00007FF7084CCDDB]
	(No symbol) [0x00007FF7084CBE1B]
	(No symbol) [0x00007FF7084C62C6]
	(No symbol) [0x00007FF7084C1556]
	(No symbol) [0x00007FF70851544B]
	(No symbol) [0x00007FF708514A20]
	(No symbol) [0x00007FF708506FF3]
	(No symbol) [0x00007FF7084CFF0E]
	(No symbol) [0x00007FF7084D1193]
	GetHandleVerifier [0x00007FF7089CD5FD+3479469]
	GetHandleVerifier [0x00007FF7089E71A3+3584851]
	GetHandleVerifier [0x00007FF7089DC44D+3540477]
	GetHandleVerifier [0x00007FF708748B6A+838938]
	(No symbol) [0x00007FF7085FA4EF]
	(No symbol) [0x00007FF7085F6954]
	(No symbol) [0x00007FF7085F6AF6]
	(No symbol) [0x00007FF7085E6499]
	BaseThreadInitThunk [0x00007FFB16247374+20]
	RtlUserThreadStart [0x00007FFB172DCC91+33]
</status>
</test>
<status status="FAIL" start="2025-02-14T11:46:29.283577" elapsed="4.540694"/>
</suite>
<statistics>
<total>
<stat pass="0" fail="1" skip="0">All Tests</stat>
</total>
<tag>
</tag>
<suite>
<stat pass="0" fail="1" skip="0" id="s1" name="Hello">Hello</stat>
</suite>
</statistics>
<errors>
</errors>
</robot>
